FILE_TYPE=LIBRARY_PARTS;
PRIMITIVE 'TNPV0805180KBEEA','TNPV0805180KBEEA_Other';
  PIN
    '1':
      PIN_NUMBER='(1)';
      NO_LOAD_CHECK=BOTH;
      NO_IO_CHECK=BOTH;
      ALLOW_CONNECT=TRUE;
      PINUSE='UNSPEC';
    '2':
      PIN_NUMBER='(2)';
      NO_LOAD_CHECK=BOTH;
      NO_IO_CHECK=BOTH;
      ALLOW_CONNECT=TRUE;
      PINUSE='UNSPEC';
  END_PIN;
  BODY
    PART_NAME='TNPV0805180KBEEA';
    PHYS_DES_PREFIX='R';
    NO_LOAD_CHECK='TRUE';
    PIN_COUNT='2';
    BODY_NAME='TNPV0805180KBEEA';
    JEDEC_TYPE='TNPV0805180KBEEA';
  END_BODY;
END_PRIMITIVE;
END.
